[02:40:45] [Server thread/INFO]: Starting minecraft server version 1.9.2
[02:40:45] [Server thread/INFO]: Loading properties
[02:40:45] [Server thread/INFO]: Default game type: SURVIVAL
[02:40:45] [Server thread/INFO]: Generating keypair
[02:40:45] [Server thread/INFO]: Starting Minecraft server on *:25565
[02:40:45] [Server thread/INFO]: Using epoll channel type
[02:40:45] [Server thread/WARN]: **** SERVER IS RUNNING IN OFFLINE/INSECURE MODE!
[02:40:45] [Server thread/WARN]: The server will make no attempt to authenticate usernames. Beware.
[02:40:45] [Server thread/WARN]: While this makes the game possible to play without internet access, it also opens up the ability for hackers to connect with any username they choose.
[02:40:45] [Server thread/WARN]: To change this, set "online-mode" to "true" in the server.properties file.
[02:40:45] [Server thread/INFO]: Preparing level "world"
[02:40:46] [Server thread/INFO]: Preparing start region for level 0
[02:40:47] [Server thread/INFO]: Preparing spawn area: 3%
[02:40:48] [Server thread/INFO]: Preparing spawn area: 50%
[02:40:48] [Server thread/INFO]: Done (3.070s)! For help, type "help" or "?"
[02:41:07] [Server thread/INFO]: dennis11211[/175.159.120.170:10208] logged in with entity id 334 at (230.5, 66.0, 350.5)
[02:41:07] [Server thread/INFO]: dennis11211 joined the game
[02:41:49] [Server thread/INFO]: O_O[/175.159.126.211:11373] logged in with entity id 1015 at (229.5, 66.0, 348.5)
[02:41:49] [Server thread/INFO]: O_O joined the game
[02:51:42] [Server thread/INFO]: O_O lost connection: TranslatableComponent{key='disconnect.genericReason', args=[Internal Exception: java.io.IOException: Error while read(...): Connection reset by peer], siblings=[], style=Style{hasParent=false, color=null, bold=null, italic=null, underlined=null, obfuscated=null, clickEvent=null, hoverEvent=null, insertion=null}}
[02:51:42] [Server thread/INFO]: O_O left the game
[02:51:45] [Server thread/INFO]: O_O[/175.159.126.211:7206] logged in with entity id 11489 at (228.44867193815264, 66.0, 348.5338652491411)
[02:51:45] [Server thread/INFO]: O_O joined the game
[02:52:32] [Server thread/INFO]: O_O lost connection: TextComponent{text='Disconnected', siblings=[], style=Style{hasParent=false, color=null, bold=null, italic=null, underlined=null, obfuscated=null, clickEvent=null, hoverEvent=null, insertion=null}}
[02:52:32] [Server thread/INFO]: O_O left the game
[02:52:42] [Server thread/INFO]: O_O[/175.159.126.211:34482] logged in with entity id 13038 at (228.44867193815264, 66.0, 348.5338652491411)
[02:52:42] [Server thread/INFO]: O_O joined the game
[02:59:22] [Server thread/INFO]: O_O lost connection: TranslatableComponent{key='disconnect.genericReason', args=[Internal Exception: java.io.IOException: Error while read(...): Connection reset by peer], siblings=[], style=Style{hasParent=false, color=null, bold=null, italic=null, underlined=null, obfuscated=null, clickEvent=null, hoverEvent=null, insertion=null}}
[02:59:22] [Server thread/INFO]: O_O left the game
[02:59:39] [Server thread/INFO]: O_O[/175.159.126.211:4911] logged in with entity id 21820 at (227.15595407051939, 66.0, 348.9540104017813)
[02:59:39] [Server thread/INFO]: O_O joined the game
[03:19:01] [Server thread/WARN]: O_O moved too quickly! -9.92201952280385,0.0,1.7382162058778476
[04:02:22] [Server thread/INFO]: O_O has just earned the achievement [Cow Tipper]
[04:24:00] [Server thread/INFO]: O_O has just earned the achievement [Repopulation]
[04:40:58] [Server thread/INFO]: O_O lost connection: TextComponent{text='Disconnected', siblings=[], style=Style{hasParent=false, color=null, bold=null, italic=null, underlined=null, obfuscated=null, clickEvent=null, hoverEvent=null, insertion=null}}
[04:40:58] [Server thread/INFO]: O_O left the game
[04:49:22] [Server thread/INFO]: dennis11211 lost connection: TranslatableComponent{key='disconnect.genericReason', args=[Internal Exception: java.io.IOException: Error while read(...): Connection reset by peer], siblings=[], style=Style{hasParent=false, color=null, bold=null, italic=null, underlined=null, obfuscated=null, clickEvent=null, hoverEvent=null, insertion=null}}
[04:49:22] [Server thread/INFO]: dennis11211 left the game
